This is pdfTeX, Version 3.14159265-2.6-1.40.16 (TeX Live 2015) (preloaded format=pdfetex 2016.6.4)  18 NOV 2016 18:06
entering extended mode
 restricted \write18 enabled.
 file:line:error style messages enabled.
 %&-line parsing enabled.
**/Users/hiranotomomi/Desktop/git/MathematicaARAP/doc/MARAP.texi
(/Users/hiranotomomi/Desktop/git/MathematicaARAP/doc/MARAP.texi
(/usr/local/texlive/2015/texmf-dist/tex/texinfo/texinfo.tex
Loading texinfo [version 2016-03-22.15]:
\outerhsize=\dimen16
\outervsize=\dimen17
\cornerlong=\dimen18
\cornerthick=\dimen19
\topandbottommargin=\dimen20
\bindingoffset=\dimen21
\normaloffset=\dimen22
\txipagewidth=\dimen23
\txipageheight=\dimen24
\headlinebox=\box16
\footlinebox=\box17
\margin=\insert252
\EMsimple=\toks13
\groupbox=\box18
\groupinvalidhelp=\toks14
\mil=\dimen25
\exdentamount=\skip18
\inmarginspacing=\skip19
\centerpenalty=\count27
 pdf,
\tempnum=\count28
\lnkcount=\count29
\filename=\toks15
\filenamelength=\count30
\pgn=\count31
\toksA=\toks16
\toksB=\toks17
\toksC=\toks18
\toksD=\toks19
\boxA=\box19
\boxB=\box20
\countA=\count32
\nopdfimagehelp=\toks20
 fonts,
\sffam=\fam8
\textleading=\dimen26
 markup,
\fontdepth=\count33
 glyphs,
\errorbox=\box21

page headings,
\titlepagetopglue=\skip20
\titlepagebottomglue=\skip21
\evenheadline=\toks21
\oddheadline=\toks22
\evenfootline=\toks23
\oddfootline=\toks24
 tables,
\tableindent=\dimen27
\itemindent=\dimen28
\itemmargin=\dimen29
\itemmax=\dimen30
\itemno=\count34
\multitableparskip=\skip22
\multitableparindent=\skip23
\multitablecolspace=\dimen31
\multitablelinespace=\skip24
\colcount=\count35
\everytab=\toks25
 conditionals,
\doignorecount=\count36
 indexing,
\dummybox=\box22
\whatsitskip=\skip25
\whatsitpenalty=\count37
\entryrightmargin=\dimen32
\thinshrinkable=\skip26
\entryindexbox=\box23
\entrylinedepth=\dimen33
\secondaryindent=\skip27
\partialpage=\box24
\doublecolumnhsize=\dimen34
\doublecolumntopgap=\dimen35
\savedtopmark=\toks26
\savedfirstmark=\toks27
\balancedcolumns=\box25
 sectioning,
\unnumberedno=\count38
\chapno=\count39
\secno=\count40
\subsecno=\count41
\subsubsecno=\count42
\appendixno=\count43
\absseclevel=\count44
\secbase=\count45
\chapheadingskip=\skip28
\secheadingskip=\skip29
\subsecheadingskip=\skip30
 toc,
\tocfile=\write0
\contentsrightmargin=\skip31
\savepageno=\count46
\lastnegativepageno=\count47
\tocindent=\dimen36
 environments,
\lispnarrowing=\skip32
\envskipamount=\skip33
\circthick=\dimen37
\cartouter=\dimen38
\cartinner=\dimen39
\normbskip=\skip34
\normpskip=\skip35
\normlskip=\skip36
\lskip=\skip37
\rskip=\skip38
\nonfillparindent=\dimen40
\tabw=\dimen41
\verbbox=\box26

defuns,
\defbodyindent=\skip39
\defargsindent=\skip40
\deflastargmargin=\skip41
\defunpenalty=\count48
\parencount=\count49
\brackcount=\count50
 macros,
\paramno=\count51
\macname=\toks28
 cross references,
\auxfile=\write1
\savesfregister=\count52
\toprefbox=\box27
\printedrefnamebox=\box28
\infofilenamebox=\box29
\printedmanualbox=\box30
 insertions,
\footnoteno=\count53
\SAVEfootins=\box31
\SAVEmargin=\box32

(/usr/local/texlive/2015/texmf-dist/tex/generic/epsf/epsf.tex
This is `epsf.tex' v2.7.4 <14 February 2011>
\epsffilein=\read1
\epsfframemargin=\dimen42
\epsfframethickness=\dimen43
\epsfrsize=\dimen44
\epsftmp=\dimen45
\epsftsize=\dimen46
\epsfxsize=\dimen47
\epsfysize=\dimen48
\pspoints=\dimen49
)
\noepsfhelp=\toks29
 localization,
\nolanghelp=\toks30
\countUTFx=\count54
\countUTFy=\count55
\countUTFz=\count56
 formatting,
\defaultparindent=\dimen50
 and turning on texinfo input format.) [1{/usr/local/texlive/2015/texmf-var/fon
ts/map/pdftex/updmap/pdftex.map}] [2]
\openout1 = `MARAP.aux'.

 [-1]
Chapter 1
\openout0 = `MARAP.toc'.

texinfo.tex: doing @include of BasicFunctions.texi

 (./BasicFunctions.texi Chapter 2 [1]
@fnindfile=@write2
\openout2 = `MARAP.fn'.

 <./img/exMakePolygon.pdf

pdfTeX warning: pdfetex (file ./img/exMakePolygon.pdf): PDF inclusion: multiple
 pdfs with page group included in a single page
>
Overfull \hbox (60.93126pt too wide) in paragraph at lines 51--51
 []@texttt ={{0, 0}, {0, 1}, {1, 0}, {1,